{"datetime": "2022-05-09 15:14:02,392173", "user_id": 5132728695, "username": null, "query_id": 5946, "action": "calst", "selected_language": "en"}
{"datetime": "2022-05-09 15:14:02,706895", "user_id": 5132728695, "username": null, "query_id": 5952, "action": "calst", "selected_language": "en"}
{"datetime": "2022-05-09 15:14:02,843299", "user_id": 5132728695, "username": null, "query_id": 5954, "action": "calst", "selected_language": "en"}
{"datetime": "2022-05-09 15:14:02,927093", "user_id": 5011186705, "username": null, "query_id": 5955, "action": "calst", "selected_language": "en"}
{"datetime": "2022-05-09 15:14:02,987952", "user_id": 5011186705, "username": null, "query_id": 5956, "action": "calst", "selected_language": "en"}
{"datetime": "2022-05-10 07:53:05,289799", "user_id": 5132728695, "username": null, "query_id": "3598157814652084555", "chat_instance": "90481130516116828", "action": "capeesh", "selected_pilot": "larissa", "selected_service": "Birth Certification", "selected_language": "en"}
{"datetime": "2022-05-11 09:49:45,559310", "user_id": 1863761571, "username": null, "query_id": "8004794997645694657", "chat_instance": "4463302323159313211", "action": "pathway", "selected_pilot": "larissa", "selected_service": "Certification of Nationality", "selected_language": "el"}
{"datetime": "2022-05-12 08:58:58,232610", "user_id": 1863761571, "username": null, "query_id": 6050, "action": "calst", "selected_language": "en"}
{"datetime": "2022-05-12 08:58:58,503571", "user_id": 5011186705, "username": null, "query_id": 6055, "action": "calst", "selected_language": "en"}
{"datetime": "2022-05-12 08:58:58,543637", "user_id": 5011186705, "username": null, "query_id": 6056, "action": "calst", "selected_language": "en"}
{"datetime": "2022-05-12 09:12:05,037772", "user_id": 5011186705, "username": null, "query_id": "3076138940069953592", "chat_instance": "4751686890065288589", "action": "rating", "selected_pilot": "", "selected_service": "", "selected_language": "en", "score": "Useful"}
{"datetime": "2022-05-12 09:43:37,263069", "user_id": 5132728695, "username": null, "query_id": "3598157813220409718", "chat_instance": "90481130516116828", "action": "capeesh", "selected_pilot": "larissa", "selected_service": "Birth Certification", "selected_language": "en"}
{"datetime": "2022-05-12 10:01:51,514921", "user_id": 5132728695, "username": null, "query_id": 6084, "action": "calst", "selected_language": "en"}
{"datetime": "2022-05-12 15:42:34,455329", "user_id": 5011186705, "username": null, "query_id": "3076138942662443305", "chat_instance": "4751686890065288589", "action": "localisation", "selected_pilot": "malaga", "selected_service": "Asylum Request", "selected_language": "en"}
{"datetime": "2022-05-12 15:47:40,639204", "user_id": 5011186705, "username": null, "query_id": "3076138941501128488", "chat_instance": "4751686890065288589", "action": "capeesh", "selected_pilot": "malaga", "selected_service": "Asylum Request", "selected_language": "en"}
{"datetime": "2022-05-12 16:09:47,565133", "user_id": 5011186705, "username": null, "query_id": "3076138942556404841", "chat_instance": "4751686890065288589", "action": "capeesh", "selected_pilot": "birmingham", "selected_service": "baes esol", "selected_language": "en"}
{"datetime": "2022-05-13 09:26:21,828201", "user_id": 5132728695, "username": null, "query_id": 6151, "action": "calst", "selected_language": "en"}
{"datetime": "2022-05-13 09:26:46,490385", "user_id": 5132728695, "username": null, "query_id": "3598157811457265508", "chat_instance": "90481130516116828", "action": "capeesh", "selected_pilot": "larissa", "selected_service": "Birth Certification", "selected_language": "en"}
{"datetime": "2022-05-13 09:50:17,486182", "user_id": 5132728695, "username": null, "query_id": 6164, "action": "calst", "selected_language": "en"}
{"datetime": "2022-05-13 10:48:15,501047", "user_id": 5134898383, "username": null, "query_id": "3607476552718698437", "chat_instance": "3155148674695462613", "action": "capeesh", "selected_pilot": "birmingham", "selected_service": "baes esol", "selected_language": "en"}
{"datetime": "2022-05-13 10:48:19,046427", "user_id": 5181563123, "username": null, "query_id": "3807900084795822437", "chat_instance": "-5621416595261397646", "action": "capeesh", "selected_pilot": "birmingham", "selected_service": "baes esol", "selected_language": "en"}
{"datetime": "2022-05-13 10:48:54,478560", "user_id": 5341498826, "username": null, "query_id": "4494818699226875680", "chat_instance": "1716918801828297874", "action": "capeesh", "selected_pilot": "birmingham", "selected_service": "baes esol", "selected_language": "en"}
{"datetime": "2022-05-13 10:49:13,033321", "user_id": 5384948962, "username": null, "query_id": "4681435612454054565", "chat_instance": "4332671191211348253", "action": "capeesh", "selected_pilot": "birmingham", "selected_service": "baes esol", "selected_language": "en"}
{"datetime": "2022-05-13 10:49:14,564706", "user_id": 5308388698, "username": null, "query_id": "4352611779315564070", "chat_instance": "-2786360634183541679", "action": "capeesh", "selected_pilot": "birmingham", "selected_service": "baes esol", "selected_language": "en"}
{"datetime": "2022-05-13 10:49:38,319060", "user_id": 5327913033, "username": null, "query_id": "4436468160173227988", "chat_instance": "2466018541364885791", "action": "capeesh", "selected_pilot": "birmingham", "selected_service": "baes esol", "selected_language": "en"}
{"datetime": "2022-05-13 11:08:21,757343", "user_id": 5341498826, "username": null, "query_id": "4494818696749769549", "action": "calst", "selected_language": "en"}
{"datetime": "2022-05-13 11:08:30,992154", "user_id": 5384948962, "username": null, "query_id": "4681435612633244887", "action": "calst", "selected_language": "en"}
{"datetime": "2022-05-13 11:08:40,641337", "user_id": 5308388698, "username": null, "query_id": "4352611780367698397", "action": "calst", "selected_language": "en"}
{"datetime": "2022-05-13 11:08:41,585326", "user_id": 5384948962, "username": null, "query_id": "4681435609242486802", "action": "calst", "selected_language": "en"}
{"datetime": "2022-05-13 11:08:42,572632", "user_id": 5308388698, "username": null, "query_id": "4352611782855298378", "action": "calst", "selected_language": "en"}
{"datetime": "2022-05-13 11:08:52,995726", "user_id": 5308388698, "username": null, "query_id": "4352611779245169514", "action": "calst", "selected_language": "en"}
{"datetime": "2022-05-13 11:09:07,185370", "user_id": 5181563123, "username": null, "query_id": "3807900084867744902", "action": "calst", "selected_language": "en"}
{"datetime": "2022-05-13 11:09:11,687429", "user_id": 5134898383, "username": null, "query_id": "3607476550965433887", "action": "calst", "selected_language": "en"}
{"datetime": "2022-05-13 13:58:11,085563", "user_id": 5134898383, "username": null, "query_id": "3607476551927039087", "action": "calst", "selected_language": "en"}
{"datetime": "2022-05-13 13:58:58,721656", "user_id": 5134898383, "username": null, "query_id": "3607476550810005425", "chat_instance": "3155148674695462613", "action": "capeesh", "selected_pilot": "birmingham", "selected_service": "baes esol", "selected_language": "en"}
{"datetime": "2022-05-15 16:46:32,560407", "user_id": 5011186705, "username": null, "query_id": "3076138940320836569", "chat_instance": "4751686890065288589", "action": "capeesh", "selected_pilot": "malaga", "selected_service": "Asylum Request", "selected_language": "en"}
{"datetime": "2022-05-17 16:07:53,932001", "user_id": 5011186705, "username": null, "query_id": "3076138941506336839", "action": "calst", "selected_language": "en"}
{"datetime": "2022-05-17 16:08:04,286846", "user_id": 5011186705, "username": null, "query_id": "3076138939197277136", "chat_instance": "4751686890065288589", "action": "capeesh", "selected_pilot": "birmingham", "selected_service": "baes esol", "selected_language": "en"}
{"datetime": "2022-05-18 10:29:30,072367", "user_id": 1863761571, "username": null, "query_id": "8004794996688728007", "chat_instance": "4463302323159313211", "action": "localisation", "selected_pilot": "larissa", "selected_service": "Certification of Nationality", "selected_language": "en"}
{"datetime": "2022-05-18 10:29:33,516500", "user_id": 1863761571, "username": null, "query_id": "8004794997757101339", "chat_instance": "4463302323159313211", "action": "rating", "selected_pilot": "larissa", "selected_service": "Certification of Nationality", "selected_language": "en", "score": "Useful"}
{"datetime": "2022-05-18 10:30:02,185535", "user_id": 1863761571, "username": null, "query_id": "8004794998889597174", "action": "calst", "selected_language": "en"}
{"datetime": "2022-05-18 10:48:44,951864", "user_id": 5011186705, "username": null, "query_id": "3076138939428130383", "chat_instance": "4751686890065288589", "action": "capeesh", "selected_pilot": "birmingham", "selected_service": "baes esol", "selected_language": "en"}
{"datetime": "2022-05-18 10:49:32,031149", "user_id": 5011186705, "username": null, "query_id": "3076138940639473489", "chat_instance": "4751686890065288589", "action": "capeesh", "selected_pilot": "birmingham", "selected_service": "baes esol", "selected_language": "en"}
{"datetime": "2022-05-18 10:54:14,842662", "user_id": 5393866901, "username": null, "query_id": "4719737865671723718", "chat_instance": "1789800265672066561", "action": "capeesh", "selected_pilot": "birmingham", "selected_service": "baes esol", "selected_language": "en"}
{"datetime": "2022-05-18 10:56:20,644733", "user_id": 5123314816, "username": null, "query_id": "3557725511000687062", "chat_instance": "-6348156317221088871", "action": "capeesh", "selected_pilot": "birmingham", "selected_service": "baes esol", "selected_language": "en"}
{"datetime": "2022-05-18 10:56:48,084730", "user_id": 5362942653, "username": null, "query_id": "4586919233301966873", "chat_instance": "-4241190530892634488", "action": "capeesh", "selected_pilot": "birmingham", "selected_service": "baes esol", "selected_language": "en"}
{"datetime": "2022-05-18 10:56:48,757552", "user_id": 5362942653, "username": null, "query_id": "4586919235415259717", "chat_instance": "-4241190530892634488", "action": "capeesh", "selected_pilot": "birmingham", "selected_service": "baes esol", "selected_language": "en"}
{"datetime": "2022-05-18 10:57:02,594204", "user_id": 5324275851, "username": null, "query_id": "4420846583387134846", "chat_instance": "-8688252343637564333", "action": "capeesh", "selected_pilot": "birmingham", "selected_service": "baes esol", "selected_language": "en"}
{"datetime": "2022-05-18 10:59:53,418597", "user_id": 5304927103, "username": null, "query_id": "4337744343670481636", "chat_instance": "8587133220185881496", "action": "capeesh", "selected_pilot": "birmingham", "selected_service": "baes esol", "selected_language": "en"}
{"datetime": "2022-05-18 11:00:25,729848", "user_id": 5362942653, "username": null, "query_id": "4586919231987777823", "chat_instance": "-4241190530892634488", "action": "capeesh", "selected_pilot": "birmingham", "selected_service": "baes esol", "selected_language": "en"}
{"datetime": "2022-05-18 11:25:46,506686", "user_id": 5011186705, "username": null, "query_id": "3076138941695447066", "chat_instance": "4751686890065288589", "action": "capeesh", "selected_pilot": "birmingham", "selected_service": "baes esol", "selected_language": "en"}
{"datetime": "2022-05-18 11:26:29,888709", "user_id": 5011186705, "username": null, "query_id": "3076138942058782716", "action": "calst", "selected_language": "en"}
{"datetime": "2022-05-18 11:31:01,921014", "user_id": 5362942653, "username": null, "query_id": 6418, "action": "calst", "selected_language": "en"}
{"datetime": "2022-05-18 11:31:01,954806", "user_id": 5362942653, "username": null, "query_id": 6419, "action": "calst", "selected_language": "en"}
{"datetime": "2022-05-18 11:31:02,052278", "user_id": 5362942653, "username": null, "query_id": 6421, "action": "calst", "selected_language": "en"}
{"datetime": "2022-05-18 11:31:02,110238", "user_id": 5362942653, "username": null, "query_id": 6422, "action": "calst", "selected_language": "en"}
{"datetime": "2022-05-18 11:31:02,479268", "user_id": 5362942653, "username": null, "query_id": 6425, "action": "calst", "selected_language": "en"}
{"datetime": "2022-05-20 12:15:57,013250", "user_id": 5132728695, "username": null, "query_id": "3598157812214601940", "chat_instance": "90481130516116828", "action": "capeesh", "selected_pilot": "larissa", "selected_service": "Birth Certification", "selected_language": "en"}
{"datetime": "2022-05-20 12:29:08,722366", "user_id": 5132728695, "username": null, "query_id": 6468, "action": "calst", "selected_language": "en"}
{"datetime": "2022-05-23 09:44:15,188481", "user_id": 5132728695, "username": null, "query_id": "3598157811195539972", "chat_instance": "90481130516116828", "action": "capeesh", "selected_pilot": "larissa", "selected_service": "Birth Certification", "selected_language": "en"}
{"datetime": "2022-05-23 09:49:36,647098", "user_id": 5132728695, "username": null, "query_id": "3598157813928414180", "chat_instance": "90481130516116828", "action": "capeesh", "selected_pilot": "larissa", "selected_service": "Birth Certification", "selected_language": "en"}
{"datetime": "2022-05-23 10:14:51,639837", "user_id": 5132728695, "username": null, "query_id": "3598157812115146679", "chat_instance": "90481130516116828", "action": "capeesh", "selected_pilot": "larissa", "selected_service": "Birth Certification", "selected_language": "en"}
{"datetime": "2022-05-24 15:52:52,506683", "user_id": 1889228402, "username": "nodistancetorun", "query_id": "8114174203157962501", "chat_instance": "6028049447672806411", "action": "localisation", "selected_pilot": "palermo", "selected_service": "Registration at Registry Office", "selected_language": "it"}
{"datetime": "2022-05-25 08:42:57,240868", "user_id": 5132728695, "username": null, "query_id": "3598157812089161809", "chat_instance": "90481130516116828", "action": "capeesh", "selected_pilot": "larissa", "selected_service": "Birth Certification", "selected_language": "fr"}
{"datetime": "2022-05-25 11:46:00,945841", "user_id": 5132728695, "username": null, "query_id": "3598157812102357770", "chat_instance": "90481130516116828", "action": "capeesh", "selected_pilot": "larissa", "selected_service": "Birth Certification", "selected_language": "fr"}
{"datetime": "2022-05-25 15:08:50,169895", "user_id": 1803811904, "username": null, "query_id": "7747313136806026143", "chat_instance": "-4573336203536945591", "action": "capeesh", "selected_pilot": "malaga", "selected_service": "Asylum Request", "selected_language": "en"}
{"datetime": "2022-05-27 09:55:10,170400", "user_id": 5132728695, "username": null, "query_id": 6577, "action": "calst", "selected_language": "en"}
{"datetime": "2022-05-27 10:53:34,367984", "user_id": 5132728695, "username": null, "query_id": "3598157810612501821", "chat_instance": "90481130516116828", "action": "capeesh", "selected_pilot": "larissa", "selected_service": "Birth Certification", "selected_language": "en"}
{"datetime": "2022-05-27 10:59:59,391155", "user_id": 1803811904, "username": null, "query_id": "7747313136560490999", "chat_instance": "-4573336203536945591", "action": "capeesh", "selected_pilot": "birmingham", "selected_service": "baes esol", "selected_language": "en"}
{"datetime": "2022-05-27 11:02:55,283696", "user_id": 5132728695, "username": null, "query_id": "3598157813764881707", "chat_instance": "90481130516116828", "action": "capeesh", "selected_pilot": "larissa", "selected_service": "Birth Certification", "selected_language": "fr"}
{"datetime": "2022-05-27 11:05:28,998698", "user_id": 1803811904, "username": null, "query_id": "7747313139964970973", "chat_instance": "-4573336203536945591", "action": "capeesh", "selected_pilot": "palermo", "selected_service": "Registration at Registry Office", "selected_language": "en"}
{"datetime": "2022-05-27 11:31:20,254496", "user_id": 1803811904, "username": null, "query_id": "7747313140018700676", "chat_instance": "-4573336203536945591", "action": "capeesh", "selected_pilot": "birmingham", "selected_service": "Clean Air Zone", "selected_language": "en"}
{"datetime": "2022-05-27 11:31:40,260341", "user_id": 1803811904, "username": null, "query_id": "7747313136103953261", "chat_instance": "-4573336203536945591", "action": "capeesh", "selected_pilot": "palermo", "selected_service": "Registration at Registry Office", "selected_language": "en"}
{"datetime": "2022-05-27 11:43:18,929228", "user_id": 1803811904, "username": null, "query_id": "7747313138325993160", "chat_instance": "-4573336203536945591", "action": "capeesh", "selected_pilot": "palermo", "selected_service": "Registration at Registry Office", "selected_language": "en"}
{"datetime": "2022-05-27 11:55:38,138161", "user_id": 1803811904, "username": null, "query_id": "7747313137438366101", "chat_instance": "-4573336203536945591", "action": "capeesh", "selected_pilot": "palermo", "selected_service": "Registration at Registry Office", "selected_language": "en"}
{"datetime": "2022-05-27 11:56:29,849405", "user_id": 1803811904, "username": null, "query_id": "7747313139155842236", "chat_instance": "-4573336203536945591", "action": "capeesh", "selected_pilot": "birmingham", "selected_service": "Clean Air Zone", "selected_language": "en"}
{"datetime": "2022-05-27 12:00:10,997009", "user_id": 1803811904, "username": null, "query_id": "7747313138680604653", "chat_instance": "-4573336203536945591", "action": "capeesh", "selected_pilot": "birmingham", "selected_service": "baes esol", "selected_language": "en"}
{"datetime": "2022-05-27 12:01:16,519200", "user_id": 1803811904, "username": null, "query_id": "7747313136039210774", "chat_instance": "-4573336203536945591", "action": "capeesh", "selected_pilot": "malaga", "selected_service": "Asylum Request", "selected_language": "en"}
{"datetime": "2022-05-27 12:03:03,669177", "user_id": 1803811904, "username": null, "query_id": "7747313139584399029", "chat_instance": "-4573336203536945591", "action": "capeesh", "selected_pilot": "larissa", "selected_service": "Certification of Nationality", "selected_language": "en"}
{"datetime": "2022-05-27 13:34:22,488255", "user_id": 1803811904, "username": null, "query_id": "7747313137279521919", "chat_instance": "-4573336203536945591", "action": "capeesh", "selected_pilot": "larissa", "selected_service": "Certification of Nationality", "selected_language": "en"}
{"datetime": "2022-05-27 13:36:08,134027", "user_id": 1803811904, "username": null, "query_id": "7747313136338196971", "chat_instance": "-4573336203536945591", "action": "capeesh", "selected_pilot": "birmingham", "selected_service": "Clean Air Zone", "selected_language": "en"}
{"datetime": "2022-05-27 13:38:05,485299", "user_id": 1803811904, "username": null, "query_id": "7747313139724936405", "chat_instance": "-4573336203536945591", "action": "capeesh", "selected_pilot": "birmingham", "selected_service": "Clean Air Zone", "selected_language": "en"}
{"datetime": "2022-05-27 16:20:09,014200", "user_id": 1803811904, "username": null, "query_id": "7747313137425496581", "chat_instance": "-4573336203536945591", "action": "capeesh", "selected_pilot": "birmingham", "selected_service": "baes esol", "selected_language": "en"}
{"datetime": "2022-05-27 16:21:20,855890", "user_id": 1803811904, "username": null, "query_id": "7747313136856778321", "chat_instance": "-4573336203536945591", "action": "capeesh", "selected_pilot": "larissa", "selected_service": "Certification of Nationality", "selected_language": "en"}
{"datetime": "2022-05-27 16:22:25,131104", "user_id": 1803811904, "username": null, "query_id": "7747313137340705954", "chat_instance": "-4573336203536945591", "action": "capeesh", "selected_pilot": "larissa", "selected_service": "Birth Certification", "selected_language": "en"}
{"datetime": "2022-05-27 16:23:44,389801", "user_id": 1803811904, "username": null, "query_id": "7747313136424113213", "chat_instance": "-4573336203536945591", "action": "capeesh", "selected_pilot": "malaga", "selected_service": "Asylum Request", "selected_language": "en"}
{"datetime": "2022-05-27 16:24:26,202676", "user_id": 1803811904, "username": null, "query_id": "7747313138698401344", "chat_instance": "-4573336203536945591", "action": "capeesh", "selected_pilot": "malaga", "selected_service": "Work Permission", "selected_language": "en"}
{"datetime": "2022-05-27 16:26:18,261370", "user_id": 1803811904, "username": null, "query_id": "7747313136350482882", "chat_instance": "-4573336203536945591", "action": "capeesh", "selected_pilot": "palermo", "selected_service": "Registration at Registry Office", "selected_language": "en"}
